0 info it worked if it ends with ok
1 verbose cli [ 'node', '/usr/local/bin/npm', 'update' ]
2 info using npm@2.1.5
3 info using node@v0.10.33
4 verbose mapToRegistry name minimatch
5 verbose mapToRegistry uri https://registry.npmjs.org/minimatch
6 verbose mapToRegistry name q
7 verbose mapToRegistry uri https://registry.npmjs.org/q
8 verbose mapToRegistry name nopt
9 verbose mapToRegistry uri https://registry.npmjs.org/nopt
10 verbose mapToRegistry name once
11 verbose mapToRegistry uri https://registry.npmjs.org/once
12 verbose mapToRegistry name chalk
13 verbose mapToRegistry uri https://registry.npmjs.org/chalk
14 verbose mapToRegistry name underscore.string
15 verbose mapToRegistry uri https://registry.npmjs.org/underscore.string
16 verbose mapToRegistry name bower
17 verbose mapToRegistry uri https://registry.npmjs.org/bower
18 verbose mapToRegistry name grunt
19 verbose mapToRegistry uri https://registry.npmjs.org/grunt
20 verbose mapToRegistry name grunt-bower-requirejs
21 verbose mapToRegistry uri https://registry.npmjs.org/grunt-bower-requirejs
22 verbose mapToRegistry name grunt-contrib-requirejs
23 verbose mapToRegistry uri https://registry.npmjs.org/grunt-contrib-requirejs
24 verbose mapToRegistry name load-grunt-tasks
25 verbose mapToRegistry uri https://registry.npmjs.org/load-grunt-tasks
26 verbose mapToRegistry name requirejs
27 verbose mapToRegistry uri https://registry.npmjs.org/requirejs
28 verbose registry.get https://registry.npmjs.org/minimatch not expired, no request
29 verbose registry.get https://registry.npmjs.org/nopt not expired, no request
30 verbose registry.get https://registry.npmjs.org/once not expired, no request
31 verbose registry.get https://registry.npmjs.org/chalk not expired, no request
32 verbose registry.get https://registry.npmjs.org/q not expired, no request
33 verbose registry.get https://registry.npmjs.org/underscore.string not expired, no request
34 silly cache add args [ 'underscore.string', '^3.3.3' ]
35 verbose cache add spec underscore.string@^3.3.3
36 verbose registry.get https://registry.npmjs.org/grunt-bower-requirejs not expired, no request
37 verbose registry.get https://registry.npmjs.org/bower not expired, no request
38 verbose registry.get https://registry.npmjs.org/grunt not expired, no request
39 verbose registry.get https://registry.npmjs.org/grunt-contrib-requirejs not expired, no request
40 verbose registry.get https://registry.npmjs.org/load-grunt-tasks not expired, no request
41 verbose registry.get https://registry.npmjs.org/requirejs not expired, no request
42 silly cache add parsed spec { raw: 'underscore.string@^3.3.3',
42 silly cache add   scope: null,
42 silly cache add   name: 'underscore.string',
42 silly cache add   rawSpec: '^3.3.3',
42 silly cache add   spec: '>=3.3.3 <4.0.0',
42 silly cache add   type: 'range' }
43 verbose addNamed underscore.string@>=3.3.3 <4.0.0
44 silly addNamed semver.valid null
45 silly addNamed semver.validRange >=3.3.3 <4.0.0
46 silly addNameRange { name: 'underscore.string',
46 silly addNameRange   range: '>=3.3.3 <4.0.0',
46 silly addNameRange   hasData: false }
47 verbose mapToRegistry name underscore.string
48 verbose mapToRegistry uri https://registry.npmjs.org/underscore.string
49 verbose addNameRange registry:https://registry.npmjs.org/underscore.string not in flight; fetching
50 verbose registry.get https://registry.npmjs.org/underscore.string not expired, no request
51 silly addNameRange number 2 { name: 'underscore.string',
51 silly addNameRange   range: '>=3.3.3 <4.0.0',
51 silly addNameRange   hasData: true }
52 silly addNameRange versions [ 'underscore.string',
52 silly addNameRange   [ '0.9.2',
52 silly addNameRange     '1.0.0',
52 silly addNameRange     '1.1.3',
52 silly addNameRange     '1.1.4',
52 silly addNameRange     '1.1.5',
52 silly addNameRange     '1.1.6',
52 silly addNameRange     '2.0.0',
52 silly addNameRange     '2.1.0',
52 silly addNameRange     '2.1.1',
52 silly addNameRange     '2.3.0',
52 silly addNameRange     '2.3.1',
52 silly addNameRange     '2.3.2',
52 silly addNameRange     '2.2.1',
52 silly addNameRange     '2.2.0-rc',
52 silly addNameRange     '2.3.3' ] ]
53 info outdated updating [ [ '/var/www', 'minimatch', undefined, '1.0.0', '1.0.0', '^1.0.0' ],
53 info outdated   [ '/var/www', 'nopt', undefined, '3.0.1', '3.0.1', '^3.0.1' ],
53 info outdated   [ '/var/www', 'once', undefined, '1.3.1', '1.3.1', '^1.3.1' ],
53 info outdated   [ '/var/www', 'chalk', undefined, '0.5.1', '0.5.1', '^0.5.1' ],
53 info outdated   [ '/var/www', 'q', undefined, '1.0.1', '1.0.1', '^1.0.1' ],
53 info outdated   [ '/var/www',
53 info outdated     'grunt-bower-requirejs',
53 info outdated     undefined,
53 info outdated     '1.1.0',
53 info outdated     '1.1.0',
53 info outdated     '^1.1.0' ],
53 info outdated   [ '/var/www', 'bower', undefined, '1.3.12', '1.3.12', '^1.3.12' ],
53 info outdated   [ '/var/www', 'grunt', undefined, '0.4.5', '0.4.5', '^0.4.5' ],
53 info outdated   [ '/var/www',
53 info outdated     'grunt-contrib-requirejs',
53 info outdated     undefined,
53 info outdated     '0.4.4',
53 info outdated     '0.4.4',
53 info outdated     '^0.4.4' ],
53 info outdated   [ '/var/www',
53 info outdated     'load-grunt-tasks',
53 info outdated     undefined,
53 info outdated     '1.0.0',
53 info outdated     '1.0.0',
53 info outdated     '^01.0.0' ],
53 info outdated   [ '/var/www',
53 info outdated     'requirejs',
53 info outdated     undefined,
53 info outdated     '2.1.15',
53 info outdated     '2.1.15',
53 info outdated     '^2.1.15' ] ]
54 verbose stack Error: No compatible version found: underscore.string@'>=3.3.3 <4.0.0'
54 verbose stack Valid install targets:
54 verbose stack ["0.9.2","1.0.0","1.1.3","1.1.4","1.1.5","1.1.6","2.0.0","2.1.0","2.1.1","2.3.0","2.3.1","2.3.2","2.2.1","2.2.0-rc","2.3.3"]
54 verbose stack
54 verbose stack     at installTargetsError (/usr/local/lib/node_modules/npm/lib/cache/add-named.js:260:12)
54 verbose stack     at next (/usr/local/lib/node_modules/npm/lib/cache/add-named.js:239:17)
54 verbose stack     at setData (/usr/local/lib/node_modules/npm/lib/cache/add-named.js:216:5)
54 verbose stack     at RES (/usr/local/lib/node_modules/npm/node_modules/inflight/inflight.js:23:14)
54 verbose stack     at f (/usr/local/lib/node_modules/npm/node_modules/once/once.js:17:25)
54 verbose stack     at RegClient.get_ (/usr/local/lib/node_modules/npm/node_modules/npm-registry-client/lib/get.js:130:14)
54 verbose stack     at RegClient.<anonymous> (/usr/local/lib/node_modules/npm/node_modules/npm-registry-client/lib/get.js:49:12)
54 verbose stack     at evalmachine.<anonymous>:271:14
54 verbose stack     at /usr/local/lib/node_modules/npm/node_modules/graceful-fs/graceful-fs.js:102:5
54 verbose stack     at Object.oncomplete (evalmachine.<anonymous>:107:15)
55 verbose cwd /var/www
56 error Linux 3.2.0-4-amd64
57 error argv "node" "/usr/local/bin/npm" "update"
58 error node v0.10.33
59 error npm  v2.1.5
60 error code ETARGET
61 error notarget No compatible version found: underscore.string@'>=3.3.3 <4.0.0'
61 error notarget Valid install targets:
61 error notarget ["0.9.2","1.0.0","1.1.3","1.1.4","1.1.5","1.1.6","2.0.0","2.1.0","2.1.1","2.3.0","2.3.1","2.3.2","2.2.1","2.2.0-rc","2.3.3"]
61 error notarget
61 error notarget This is most likely not a problem with npm itself.
61 error notarget In most cases you or one of your dependencies are requesting
61 error notarget a package version that doesn't exist.
62 verbose exit [ 1, true ]
